
   INFO  Server running on [http://127.0.0.1:8000].  

  Press Ctrl+C to stop the server

  2025-07-21 15:34:25 ......................................................................................................................................... ~ 1s
  2025-07-21 15:34:26 /css/share-component.css ................................................................................................................ ~ 0s
  2025-07-21 15:34:26 /build/assets/app-BbE8vw3X.css .......................................................................................................... ~ 0s
  2025-07-21 15:34:26 /build/assets/app-DZOJwcwg.js ........................................................................................................... ~ 0s
  2025-07-21 15:34:26 /images/sekaijin_logo.png ............................................................................................................... ~ 0s
  2025-07-21 15:34:26 /js/country-coordinates.js .............................................................................................................. ~ 0s
  2025-07-21 15:34:26 /js/share-component.js .................................................................................................................. ~ 0s
  2025-07-21 15:34:26 /images/wallpaper_sekaijin.webp ......................................................................................................... ~ 0s
  2025-07-21 15:34:26 ......................................................................................................................................... ~ 0s
  2025-07-21 15:34:26 /images/favicon.ico ..................................................................................................................... ~ 0s
  2025-07-21 15:34:28 ......................................................................................................................................... ~ 0s

   INFO  Environment modified. Restarting server...  

   INFO  Server running on [http://127.0.0.1:8000].  

  Press Ctrl+C to stop the server

  2025-07-21 15:45:50 ......................................................................................................................................... ~ 0s
  2025-07-21 15:45:50 /css/share-component.css ................................................................................................................ ~ 0s
  2025-07-21 15:45:50 /build/assets/app-BbE8vw3X.css .......................................................................................................... ~ 0s
  2025-07-21 15:45:50 /build/assets/app-DZOJwcwg.js ........................................................................................................... ~ 0s
  2025-07-21 15:45:50 /images/sekaijin_logo.png ............................................................................................................... ~ 0s
  2025-07-21 15:45:50 /js/share-component.js .................................................................................................................. ~ 0s
  2025-07-21 15:45:53 /images/favicon.ico ..................................................................................................................... ~ 0s
  2025-07-21 15:45:54 ......................................................................................................................................... ~ 0s
  2025-07-21 15:45:54 ......................................................................................................................................... ~ 0s
  2025-07-21 15:45:54 /css/share-component.css ................................................................................................................ ~ 0s
  2025-07-21 15:45:54 /build/assets/app-BbE8vw3X.css .......................................................................................................... ~ 0s
  2025-07-21 15:45:54 /build/assets/app-DZOJwcwg.js ........................................................................................................... ~ 0s
  2025-07-21 15:45:54 /images/sekaijin_logo.png ............................................................................................................... ~ 0s
  2025-07-21 15:45:54 /js/share-component.js .................................................................................................................. ~ 0s
  2025-07-21 15:45:54 ......................................................................................................................................... ~ 0s
  2025-07-21 15:45:54 ......................................................................................................................................... ~ 0s
  2025-07-21 15:45:54 /css/share-component.css ................................................................................................................ ~ 1s
  2025-07-21 15:45:54 /build/assets/app-BbE8vw3X.css .......................................................................................................... ~ 1s
  2025-07-21 15:45:55 /build/assets/app-DZOJwcwg.js ........................................................................................................... ~ 0s
  2025-07-21 15:45:55 /images/sekaijin_logo.png ............................................................................................................... ~ 0s
  2025-07-21 15:45:55 /js/country-coordinates.js .............................................................................................................. ~ 0s
  2025-07-21 15:45:55 /js/share-component.js .................................................................................................................. ~ 0s
  2025-07-21 15:45:55 ......................................................................................................................................... ~ 0s
  2025-07-21 15:45:55 /images/wallpaper_sekaijin.webp ......................................................................................................... ~ 0s
  2025-07-21 15:45:55 ......................................................................................................................................... ~ 0s
  2025-07-21 15:45:55 ......................................................................................................................................... ~ 0s
  2025-07-21 15:45:55 ......................................................................................................................................... ~ 0s
  2025-07-21 15:45:55 /css/share-component.css ................................................................................................................ ~ 0s
  2025-07-21 15:45:55 /build/assets/app-BbE8vw3X.css .......................................................................................................... ~ 0s
  2025-07-21 15:45:55 /build/assets/app-DZOJwcwg.js ........................................................................................................... ~ 0s
  2025-07-21 15:45:55 /images/sekaijin_logo.png ............................................................................................................... ~ 0s
  2025-07-21 15:45:55 /js/country-coordinates.js .............................................................................................................. ~ 0s
  2025-07-21 15:45:55 /js/share-component.js .................................................................................................................. ~ 0s
  2025-07-21 15:45:55 /images/wallpaper_sekaijin.webp ......................................................................................................... ~ 0s
  2025-07-21 15:45:55 ......................................................................................................................................... ~ 1s
  2025-07-21 15:45:56 ......................................................................................................................................... ~ 0s
  2025-07-21 15:45:56 /css/share-component.css ................................................................................................................ ~ 0s
  2025-07-21 15:45:56 /build/assets/app-BbE8vw3X.css .......................................................................................................... ~ 0s
  2025-07-21 15:45:56 /build/assets/app-DZOJwcwg.js ........................................................................................................... ~ 0s
  2025-07-21 15:45:56 /images/sekaijin_logo.png ............................................................................................................... ~ 0s
  2025-07-21 15:45:56 /js/share-component.js .................................................................................................................. ~ 0s
  2025-07-21 15:45:56 ......................................................................................................................................... ~ 0s
  2025-07-21 15:45:56 /css/share-component.css ................................................................................................................ ~ 0s
  2025-07-21 15:45:56 /build/assets/app-BbE8vw3X.css .......................................................................................................... ~ 0s
  2025-07-21 15:45:56 /build/assets/app-DZOJwcwg.js ........................................................................................................... ~ 0s
  2025-07-21 15:45:56 /images/sekaijin_logo.png ............................................................................................................... ~ 0s
  2025-07-21 15:45:56 /js/share-component.js .................................................................................................................. ~ 0s
  2025-07-21 15:45:58 /images/favicon.ico ..................................................................................................................... ~ 0s
  2025-07-21 15:45:59 ......................................................................................................................................... ~ 0s
  2025-07-21 15:46:00 ......................................................................................................................................... ~ 0s
  2025-07-21 15:46:00 ......................................................................................................................................... ~ 0s
  2025-07-21 15:46:00 /css/share-component.css ................................................................................................................ ~ 0s
  2025-07-21 15:46:00 /build/assets/app-BbE8vw3X.css .......................................................................................................... ~ 0s
  2025-07-21 15:46:00 /build/assets/app-DZOJwcwg.js ........................................................................................................... ~ 0s
  2025-07-21 15:46:00 /images/sekaijin_logo.png ............................................................................................................... ~ 0s
  2025-07-21 15:46:00 /js/share-component.js .................................................................................................................. ~ 0s
  2025-07-21 15:46:01 ......................................................................................................................................... ~ 0s
  2025-07-21 15:46:01 ......................................................................................................................................... ~ 0s
  2025-07-21 15:46:01 /css/share-component.css ................................................................................................................ ~ 0s
  2025-07-21 15:46:01 /build/assets/app-BbE8vw3X.css .......................................................................................................... ~ 0s
  2025-07-21 15:46:01 /build/assets/app-DZOJwcwg.js ........................................................................................................... ~ 0s
  2025-07-21 15:46:01 /images/sekaijin_logo.png ............................................................................................................... ~ 0s
  2025-07-21 15:46:01 /js/share-component.js .................................................................................................................. ~ 0s
  2025-07-21 15:46:02 ......................................................................................................................................... ~ 0s
  2025-07-21 15:46:02 ......................................................................................................................................... ~ 0s
  2025-07-21 15:46:02 /css/share-component.css ................................................................................................................ ~ 0s
  2025-07-21 15:46:02 /build/assets/app-BbE8vw3X.css .......................................................................................................... ~ 0s
  2025-07-21 15:46:02 /build/assets/app-DZOJwcwg.js ........................................................................................................... ~ 0s
  2025-07-21 15:46:02 /images/sekaijin_logo.png ............................................................................................................... ~ 0s
  2025-07-21 15:46:02 /js/share-component.js .................................................................................................................. ~ 0s
  2025-07-21 15:46:03 ......................................................................................................................................... ~ 0s
  2025-07-21 15:46:04 ......................................................................................................................................... ~ 0s
  2025-07-21 15:46:04 /css/share-component.css ................................................................................................................ ~ 0s
  2025-07-21 15:46:04 /build/assets/app-BbE8vw3X.css .......................................................................................................... ~ 0s
  2025-07-21 15:46:04 /build/assets/app-DZOJwcwg.js ........................................................................................................... ~ 0s
  2025-07-21 15:46:04 /images/sekaijin_logo.png ............................................................................................................... ~ 0s
  2025-07-21 15:46:04 /js/country-coordinates.js .............................................................................................................. ~ 0s
  2025-07-21 15:46:04 /js/share-component.js .................................................................................................................. ~ 0s
  2025-07-21 15:46:05 /images/wallpaper_sekaijin.webp ......................................................................................................... ~ 0s
  2025-07-21 15:46:05 ......................................................................................................................................... ~ 0s
  2025-07-21 15:46:06 /images/favicon.ico ..................................................................................................................... ~ 0s

   INFO  Environment modified. Restarting server...  

   INFO  Server running on [http://127.0.0.1:8000].  

  Press Ctrl+C to stop the server

  2025-07-21 15:46:49 ......................................................................................................................................... ~ 0s
  2025-07-21 15:46:49 /css/share-component.css ................................................................................................................ ~ 0s
  2025-07-21 15:46:49 /build/assets/app-BbE8vw3X.css .......................................................................................................... ~ 0s
  2025-07-21 15:46:49 /build/assets/app-DZOJwcwg.js ........................................................................................................... ~ 0s
  2025-07-21 15:46:49 /images/sekaijin_logo.png ............................................................................................................... ~ 0s
  2025-07-21 15:46:49 /js/country-coordinates.js .............................................................................................................. ~ 0s
  2025-07-21 15:46:49 /js/share-component.js .................................................................................................................. ~ 0s
  2025-07-21 15:46:49 ......................................................................................................................................... ~ 0s
  2025-07-21 15:46:49 /images/wallpaper_sekaijin.webp ......................................................................................................... ~ 0s
  2025-07-21 15:46:49 /images/favicon.ico ..................................................................................................................... ~ 0s
  2025-07-21 15:46:49 ......................................................................................................................................... ~ 0s
  2025-07-21 15:46:56 /css/share-component.css ................................................................................................................ ~ 0s
  2025-07-21 15:46:56 /build/assets/app-BbE8vw3X.css .......................................................................................................... ~ 0s
  2025-07-21 15:46:56 ......................................................................................................................................... ~ 0s

   INFO  Environment modified. Restarting server...  

   INFO  Server running on [http://127.0.0.1:8000].  

  Press Ctrl+C to stop the server


   INFO  Environment modified. Restarting server...  

   INFO  Server running on [http://127.0.0.1:8000].  

  Press Ctrl+C to stop the server


   INFO  Environment modified. Restarting server...  

   INFO  Server running on [http://127.0.0.1:8000].  

  Press Ctrl+C to stop the server

  2025-07-21 15:54:02 ......................................................................................................................................... ~ 1s
  2025-07-21 15:54:03 ......................................................................................................................................... ~ 0s

   INFO  Environment modified. Restarting server...  

   INFO  Server running on [http://127.0.0.1:8000].  

  Press Ctrl+C to stop the server

  2025-07-21 15:54:08 ......................................................................................................................................... ~ 0s
  2025-07-21 15:54:44 ......................................................................................................................................... ~ 0s

   INFO  Environment modified. Restarting server...  

   INFO  Server running on [http://127.0.0.1:8000].  

  Press Ctrl+C to stop the server

  2025-07-21 15:54:51 ......................................................................................................................................... ~ 0s
  2025-07-21 15:54:51 ......................................................................................................................................... ~ 0s

   INFO  Environment modified. Restarting server...  

   INFO  Server running on [http://127.0.0.1:8000].  

  Press Ctrl+C to stop the server

  2025-07-21 15:55:00 ......................................................................................................................................... ~ 0s
  2025-07-21 15:55:05 ......................................................................................................................................... ~ 0s
  2025-07-21 15:55:53 ......................................................................................................................................... ~ 0s
  2025-07-21 15:55:53 ......................................................................................................................................... ~ 0s
